0 info it worked if it ends with ok
1 verbose cli [ 'C:\\Users\\Administrator\\AppData\\Local\\.meteor\\packages\\meteor-tool\\1.3.2_4\\mt-os.windows.x86_32\\dev_bundle\\bin\\\\node.exe',
1 verbose cli   'C:\\Users\\Administrator\\AppData\\Local\\.meteor\\packages\\meteor-tool\\1.3.2_4\\mt-os.windows.x86_32\\dev_bundle\\lib\\node_modules\\npm\\bin\\npm-cli.js',
1 verbose cli   'install',
1 verbose cli   '--save' ]
2 info using npm@2.14.22
3 info using node@v0.10.43
4 verbose readDependencies loading dependencies from E:\webappdev\Meteor-Starter\package.json
5 verbose install where, deps [ 'E:\\webappdev\\Meteor-Starter',
5 verbose install   [ 'angular2',
5 verbose install     'angular2-meteor',
5 verbose install     'angular2-meteor-accounts-ui',
5 verbose install     'angular2-meteor-auto-bootstrap',
5 verbose install     'es6-shim',
5 verbose install     'meteor-node-stubs',
5 verbose install     'reflect-metadata',
5 verbose install     'rxjs',
5 verbose install     'typescript',
5 verbose install     'typings',
5 verbose install     'zone.js' ] ]
6 verbose install where, peers [ 'E:\\webappdev\\Meteor-Starter', [] ]
7 verbose installManyTop reading for lifecycle E:\webappdev\Meteor-Starter\package.json
8 info preinstall meteor-angular2-socially@1.0.0
9 verbose installManyTop reading scoped package data from E:\webappdev\Meteor-Starter\node_modules\angular2\package.json
10 verbose installManyTop reading scoped package data from E:\webappdev\Meteor-Starter\node_modules\angular2-meteor\package.json
11 verbose installManyTop reading scoped package data from E:\webappdev\Meteor-Starter\node_modules\angular2-meteor-accounts-ui\package.json
12 verbose installManyTop reading scoped package data from E:\webappdev\Meteor-Starter\node_modules\angular2-meteor-auto-bootstrap\package.json
13 verbose installManyTop reading scoped package data from E:\webappdev\Meteor-Starter\node_modules\ansi-regex\package.json
14 verbose installManyTop reading scoped package data from E:\webappdev\Meteor-Starter\node_modules\ansi-styles\package.json
15 verbose installManyTop reading scoped package data from E:\webappdev\Meteor-Starter\node_modules\asap\package.json
16 verbose installManyTop reading scoped package data from E:\webappdev\Meteor-Starter\node_modules\asn1\package.json
17 verbose installManyTop reading scoped package data from E:\webappdev\Meteor-Starter\node_modules\assert-plus\package.json
18 verbose installManyTop reading scoped package data from E:\webappdev\Meteor-Starter\node_modules\async\package.json
19 verbose installManyTop reading scoped package data from E:\webappdev\Meteor-Starter\node_modules\aws-sign2\package.json
20 verbose installManyTop reading scoped package data from E:\webappdev\Meteor-Starter\node_modules\aws4\package.json
21 verbose installManyTop reading scoped package data from E:\webappdev\Meteor-Starter\node_modules\big.js\package.json
22 verbose installManyTop reading scoped package data from E:\webappdev\Meteor-Starter\node_modules\bl\package.json
23 verbose installManyTop reading scoped package data from E:\webappdev\Meteor-Starter\node_modules\boom\package.json
24 verbose installManyTop reading scoped package data from E:\webappdev\Meteor-Starter\node_modules\caseless\package.json
25 verbose installManyTop reading scoped package data from E:\webappdev\Meteor-Starter\node_modules\chalk\package.json
26 verbose installManyTop reading scoped package data from E:\webappdev\Meteor-Starter\node_modules\combined-stream\package.json
27 verbose installManyTop reading scoped package data from E:\webappdev\Meteor-Starter\node_modules\commander\package.json
28 verbose installManyTop reading scoped package data from E:\webappdev\Meteor-Starter\node_modules\core-util-is\package.json
29 verbose installManyTop reading scoped package data from E:\webappdev\Meteor-Starter\node_modules\cryptiles\package.json
30 verbose installManyTop reading scoped package data from E:\webappdev\Meteor-Starter\node_modules\dashdash\package.json
31 verbose installManyTop reading scoped package data from E:\webappdev\Meteor-Starter\node_modules\delayed-stream\package.json
32 verbose installManyTop reading scoped package data from E:\webappdev\Meteor-Starter\node_modules\ecc-jsbn\package.json
33 verbose installManyTop reading scoped package data from E:\webappdev\Meteor-Starter\node_modules\emojis-list\package.json
34 verbose installManyTop reading scoped package data from E:\webappdev\Meteor-Starter\node_modules\errno\package.json
35 verbose installManyTop reading scoped package data from E:\webappdev\Meteor-Starter\node_modules\es6-shim\package.json
36 verbose installManyTop reading scoped package data from E:\webappdev\Meteor-Starter\node_modules\escape-string-regexp\package.json
37 verbose installManyTop reading scoped package data from E:\webappdev\Meteor-Starter\node_modules\extend\package.json
38 verbose installManyTop reading scoped package data from E:\webappdev\Meteor-Starter\node_modules\extsprintf\package.json
39 verbose installManyTop reading scoped package data from E:\webappdev\Meteor-Starter\node_modules\foreachasync\package.json
40 verbose installManyTop reading scoped package data from E:\webappdev\Meteor-Starter\node_modules\forever-agent\package.json
41 verbose installManyTop reading scoped package data from E:\webappdev\Meteor-Starter\node_modules\form-data\package.json
42 verbose installManyTop reading scoped package data from E:\webappdev\Meteor-Starter\node_modules\fs-extra\package.json
43 verbose installManyTop reading scoped package data from E:\webappdev\Meteor-Starter\node_modules\fs.extra\package.json
44 verbose installManyTop reading scoped package data from E:\webappdev\Meteor-Starter\node_modules\generate-function\package.json
45 verbose installManyTop reading scoped package data from E:\webappdev\Meteor-Starter\node_modules\generate-object-property\package.json
46 verbose installManyTop reading scoped package data from E:\webappdev\Meteor-Starter\node_modules\getpass\package.json
47 verbose installManyTop reading scoped package data from E:\webappdev\Meteor-Starter\node_modules\graceful-fs\package.json
48 verbose installManyTop reading scoped package data from E:\webappdev\Meteor-Starter\node_modules\graceful-readlink\package.json
49 verbose installManyTop reading scoped package data from E:\webappdev\Meteor-Starter\node_modules\har-validator\package.json
50 verbose installManyTop reading scoped package data from E:\webappdev\Meteor-Starter\node_modules\has-ansi\package.json
51 verbose installManyTop reading scoped package data from E:\webappdev\Meteor-Starter\node_modules\hawk\package.json
52 verbose installManyTop reading scoped package data from E:\webappdev\Meteor-Starter\node_modules\hoek\package.json
53 verbose installManyTop reading scoped package data from E:\webappdev\Meteor-Starter\node_modules\http-signature\package.json
54 verbose installManyTop reading scoped package data from E:\webappdev\Meteor-Starter\node_modules\image-size\package.json
55 verbose installManyTop reading scoped package data from E:\webappdev\Meteor-Starter\node_modules\inherits\package.json
56 verbose installManyTop reading scoped package data from E:\webappdev\Meteor-Starter\node_modules\is-my-json-valid\package.json
57 verbose installManyTop reading scoped package data from E:\webappdev\Meteor-Starter\node_modules\is-property\package.json
58 verbose installManyTop reading scoped package data from E:\webappdev\Meteor-Starter\node_modules\is-typedarray\package.json
59 verbose installManyTop reading scoped package data from E:\webappdev\Meteor-Starter\node_modules\isarray\package.json
60 verbose installManyTop reading scoped package data from E:\webappdev\Meteor-Starter\node_modules\isstream\package.json
61 verbose installManyTop reading scoped package data from E:\webappdev\Meteor-Starter\node_modules\jodid25519\package.json
62 verbose installManyTop reading scoped package data from E:\webappdev\Meteor-Starter\node_modules\jsbn\package.json
63 verbose installManyTop reading scoped package data from E:\webappdev\Meteor-Starter\node_modules\json-schema\package.json
64 verbose installManyTop reading scoped package data from E:\webappdev\Meteor-Starter\node_modules\json-stringify-safe\package.json
65 verbose installManyTop reading scoped package data from E:\webappdev\Meteor-Starter\node_modules\json5\package.json
66 verbose installManyTop reading scoped package data from E:\webappdev\Meteor-Starter\node_modules\jsonfile\package.json
67 verbose installManyTop reading scoped package data from E:\webappdev\Meteor-Starter\node_modules\jsonpointer\package.json
68 verbose installManyTop reading scoped package data from E:\webappdev\Meteor-Starter\node_modules\jsprim\package.json
69 verbose installManyTop reading scoped package data from E:\webappdev\Meteor-Starter\node_modules\less\package.json
70 verbose installManyTop reading scoped package data from E:\webappdev\Meteor-Starter\node_modules\less-loader\package.json
71 verbose installManyTop reading scoped package data from E:\webappdev\Meteor-Starter\node_modules\loader-utils\package.json
72 verbose installManyTop reading scoped package data from E:\webappdev\Meteor-Starter\node_modules\lru-cache\package.json
73 verbose installManyTop reading scoped package data from E:\webappdev\Meteor-Starter\node_modules\meteor-node-stubs\package.json
74 verbose installManyTop reading scoped package data from E:\webappdev\Meteor-Starter\node_modules\mime\package.json
75 verbose installManyTop reading scoped package data from E:\webappdev\Meteor-Starter\node_modules\mime-db\package.json
76 verbose installManyTop reading scoped package data from E:\webappdev\Meteor-Starter\node_modules\mime-types\package.json
77 verbose installManyTop reading scoped package data from E:\webappdev\Meteor-Starter\node_modules\minimist\package.json
78 verbose installManyTop reading scoped package data from E:\webappdev\Meteor-Starter\node_modules\mkdirp\package.json
79 verbose installManyTop reading scoped package data from E:\webappdev\Meteor-Starter\node_modules\ncp\package.json
80 verbose installManyTop reading scoped package data from E:\webappdev\Meteor-Starter\node_modules\node-uuid\package.json
81 verbose installManyTop reading scoped package data from E:\webappdev\Meteor-Starter\node_modules\oauth-sign\package.json
82 verbose installManyTop reading scoped package data from E:\webappdev\Meteor-Starter\node_modules\object-assign\package.json
83 verbose installManyTop reading scoped package data from E:\webappdev\Meteor-Starter\node_modules\pinkie\package.json
84 verbose installManyTop reading scoped package data from E:\webappdev\Meteor-Starter\node_modules\pinkie-promise\package.json
85 verbose installManyTop reading scoped package data from E:\webappdev\Meteor-Starter\node_modules\process-nextick-args\package.json
86 verbose installManyTop reading scoped package data from E:\webappdev\Meteor-Starter\node_modules\promise\package.json
87 verbose installManyTop reading scoped package data from E:\webappdev\Meteor-Starter\node_modules\prr\package.json
88 verbose installManyTop reading scoped package data from E:\webappdev\Meteor-Starter\node_modules\pseudomap\package.json
89 verbose installManyTop reading scoped package data from E:\webappdev\Meteor-Starter\node_modules\qs\package.json
90 verbose installManyTop reading scoped package data from E:\webappdev\Meteor-Starter\node_modules\readable-stream\package.json
91 verbose installManyTop reading scoped package data from E:\webappdev\Meteor-Starter\node_modules\reflect-metadata\package.json
92 verbose installManyTop reading scoped package data from E:\webappdev\Meteor-Starter\node_modules\request\package.json
93 verbose installManyTop reading scoped package data from E:\webappdev\Meteor-Starter\node_modules\rimraf\package.json
94 verbose installManyTop reading scoped package data from E:\webappdev\Meteor-Starter\node_modules\rxjs\package.json
95 verbose installManyTop reading scoped package data from E:\webappdev\Meteor-Starter\node_modules\sntp\package.json
96 verbose installManyTop reading scoped package data from E:\webappdev\Meteor-Starter\node_modules\source-map\package.json
97 verbose installManyTop reading scoped package data from E:\webappdev\Meteor-Starter\node_modules\sshpk\package.json
98 verbose installManyTop reading scoped package data from E:\webappdev\Meteor-Starter\node_modules\string_decoder\package.json
99 verbose installManyTop reading scoped package data from E:\webappdev\Meteor-Starter\node_modules\stringstream\package.json
100 verbose installManyTop reading scoped package data from E:\webappdev\Meteor-Starter\node_modules\strip-ansi\package.json
101 verbose installManyTop reading scoped package data from E:\webappdev\Meteor-Starter\node_modules\supports-color\package.json
102 verbose installManyTop reading scoped package data from E:\webappdev\Meteor-Starter\node_modules\tough-cookie\package.json
103 verbose installManyTop reading scoped package data from E:\webappdev\Meteor-Starter\node_modules\tunnel-agent\package.json
104 verbose installManyTop reading scoped package data from E:\webappdev\Meteor-Starter\node_modules\tweetnacl\package.json
105 verbose installManyTop reading scoped package data from E:\webappdev\Meteor-Starter\node_modules\typescript\package.json
106 verbose installManyTop reading scoped package data from E:\webappdev\Meteor-Starter\node_modules\typings\package.json
107 verbose installManyTop reading scoped package data from E:\webappdev\Meteor-Starter\node_modules\util-deprecate\package.json
108 verbose installManyTop reading scoped package data from E:\webappdev\Meteor-Starter\node_modules\verror\package.json
109 verbose installManyTop reading scoped package data from E:\webappdev\Meteor-Starter\node_modules\walk\package.json
110 verbose installManyTop reading scoped package data from E:\webappdev\Meteor-Starter\node_modules\xtend\package.json
111 verbose installManyTop reading scoped package data from E:\webappdev\Meteor-Starter\node_modules\yallist\package.json
112 verbose installManyTop reading scoped package data from E:\webappdev\Meteor-Starter\node_modules\zone.js\package.json
113 info package.json json-schema@0.2.2 No license field.
114 info package.json angular2-meteor-auto-bootstrap@0.5.2 No repository field.
115 info package.json asap@2.0.3 license should be a valid SPDX license expression
116 info package.json extsprintf@1.0.2 No license field.
117 info package.json foreachasync@3.0.0 license should be a valid SPDX license expression
118 info package.json fs-extra@0.6.4 No license field.
119 info package.json fs.extra@1.3.2 No license field.
120 info package.json jsbn@0.1.0 license should be a valid SPDX license expression
121 info package.json jsonfile@1.0.1 No license field.
122 info package.json less-loader@2.2.3 No license field.
123 info package.json mime@1.3.4 No license field.
124 info package.json node-uuid@1.4.7 No license field.
125 info package.json rimraf@2.2.8 license should be a valid SPDX license expression
126 info package.json sntp@1.0.9 No license field.
127 info package.json string_decoder@0.10.31 string_decoder is also the name of a node core module.
128 info package.json tweetnacl@0.13.3 license should be a valid SPDX license expression
129 info package.json verror@1.3.6 No license field.
130 info package.json walk@2.3.9 No license field.
131 verbose readDependencies loading dependencies from E:\webappdev\Meteor-Starter\package.json
132 verbose targetResolver reading package data from E:\webappdev\Meteor-Starter\node_modules\angular2\package.json
133 verbose targetResolver reading package data from E:\webappdev\Meteor-Starter\node_modules\angular2-meteor\package.json
134 verbose targetResolver reading package data from E:\webappdev\Meteor-Starter\node_modules\angular2-meteor-accounts-ui\package.json
135 verbose targetResolver reading package data from E:\webappdev\Meteor-Starter\node_modules\angular2-meteor-auto-bootstrap\package.json
136 verbose targetResolver reading package data from E:\webappdev\Meteor-Starter\node_modules\ansi-regex\package.json
137 verbose targetResolver reading package data from E:\webappdev\Meteor-Starter\node_modules\ansi-styles\package.json
138 verbose targetResolver reading package data from E:\webappdev\Meteor-Starter\node_modules\asap\package.json
139 verbose targetResolver reading package data from E:\webappdev\Meteor-Starter\node_modules\asn1\package.json
140 verbose targetResolver reading package data from E:\webappdev\Meteor-Starter\node_modules\assert-plus\package.json
141 verbose targetResolver reading package data from E:\webappdev\Meteor-Starter\node_modules\async\package.json
142 verbose targetResolver reading package data from E:\webappdev\Meteor-Starter\node_modules\aws-sign2\package.json
143 verbose targetResolver reading package data from E:\webappdev\Meteor-Starter\node_modules\aws4\package.json
144 verbose targetResolver reading package data from E:\webappdev\Meteor-Starter\node_modules\big.js\package.json
145 verbose targetResolver reading package data from E:\webappdev\Meteor-Starter\node_modules\bl\package.json
146 verbose targetResolver reading package data from E:\webappdev\Meteor-Starter\node_modules\boom\package.json
147 verbose targetResolver reading package data from E:\webappdev\Meteor-Starter\node_modules\caseless\package.json
148 verbose targetResolver reading package data from E:\webappdev\Meteor-Starter\node_modules\chalk\package.json
149 verbose targetResolver reading package data from E:\webappdev\Meteor-Starter\node_modules\combined-stream\package.json
150 verbose targetResolver reading package data from E:\webappdev\Meteor-Starter\node_modules\commander\package.json
151 verbose targetResolver reading package data from E:\webappdev\Meteor-Starter\node_modules\core-util-is\package.json
152 verbose targetResolver reading package data from E:\webappdev\Meteor-Starter\node_modules\cryptiles\package.json
153 verbose targetResolver reading package data from E:\webappdev\Meteor-Starter\node_modules\dashdash\package.json
154 verbose targetResolver reading package data from E:\webappdev\Meteor-Starter\node_modules\delayed-stream\package.json
155 verbose targetResolver reading package data from E:\webappdev\Meteor-Starter\node_modules\ecc-jsbn\package.json
156 verbose targetResolver reading package data from E:\webappdev\Meteor-Starter\node_modules\emojis-list\package.json
157 verbose targetResolver reading package data from E:\webappdev\Meteor-Starter\node_modules\errno\package.json
158 verbose targetResolver reading package data from E:\webappdev\Meteor-Starter\node_modules\es6-shim\package.json
159 verbose targetResolver reading package data from E:\webappdev\Meteor-Starter\node_modules\escape-string-regexp\package.json
160 verbose targetResolver reading package data from E:\webappdev\Meteor-Starter\node_modules\extend\package.json
161 verbose targetResolver reading package data from E:\webappdev\Meteor-Starter\node_modules\extsprintf\package.json
162 verbose targetResolver reading package data from E:\webappdev\Meteor-Starter\node_modules\foreachasync\package.json
163 verbose targetResolver reading package data from E:\webappdev\Meteor-Starter\node_modules\forever-agent\package.json
164 verbose targetResolver reading package data from E:\webappdev\Meteor-Starter\node_modules\form-data\package.json
165 verbose targetResolver reading package data from E:\webappdev\Meteor-Starter\node_modules\fs-extra\package.json
166 verbose targetResolver reading package data from E:\webappdev\Meteor-Starter\node_modules\fs.extra\package.json
167 verbose targetResolver reading package data from E:\webappdev\Meteor-Starter\node_modules\generate-function\package.json
168 verbose targetResolver reading package data from E:\webappdev\Meteor-Starter\node_modules\generate-object-property\package.json
169 verbose targetResolver reading package data from E:\webappdev\Meteor-Starter\node_modules\getpass\package.json
170 verbose targetResolver reading package data from E:\webappdev\Meteor-Starter\node_modules\graceful-fs\package.json
171 verbose targetResolver reading package data from E:\webappdev\Meteor-Starter\node_modules\graceful-readlink\package.json
172 verbose targetResolver reading package data from E:\webappdev\Meteor-Starter\node_modules\har-validator\package.json
173 verbose targetResolver reading package data from E:\webappdev\Meteor-Starter\node_modules\has-ansi\package.json
174 verbose targetResolver reading package data from E:\webappdev\Meteor-Starter\node_modules\hawk\package.json
175 verbose targetResolver reading package data from E:\webappdev\Meteor-Starter\node_modules\hoek\package.json
176 verbose targetResolver reading package data from E:\webappdev\Meteor-Starter\node_modules\http-signature\package.json
177 verbose targetResolver reading package data from E:\webappdev\Meteor-Starter\node_modules\image-size\package.json
178 verbose targetResolver reading package data from E:\webappdev\Meteor-Starter\node_modules\inherits\package.json
179 verbose targetResolver reading package data from E:\webappdev\Meteor-Starter\node_modules\is-my-json-valid\package.json
180 verbose targetResolver reading package data from E:\webappdev\Meteor-Starter\node_modules\is-property\package.json
181 verbose targetResolver reading package data from E:\webappdev\Meteor-Starter\node_modules\is-typedarray\package.json
182 verbose targetResolver reading package data from E:\webappdev\Meteor-Starter\node_modules\isarray\package.json
183 verbose targetResolver reading package data from E:\webappdev\Meteor-Starter\node_modules\isstream\package.json
184 verbose targetResolver reading package data from E:\webappdev\Meteor-Starter\node_modules\jodid25519\package.json
185 verbose targetResolver reading package data from E:\webappdev\Meteor-Starter\node_modules\jsbn\package.json
186 verbose targetResolver reading package data from E:\webappdev\Meteor-Starter\node_modules\json-schema\package.json
187 verbose targetResolver reading package data from E:\webappdev\Meteor-Starter\node_modules\json-stringify-safe\package.json
188 verbose targetResolver reading package data from E:\webappdev\Meteor-Starter\node_modules\json5\package.json
189 verbose targetResolver reading package data from E:\webappdev\Meteor-Starter\node_modules\jsonfile\package.json
190 verbose targetResolver reading package data from E:\webappdev\Meteor-Starter\node_modules\jsonpointer\package.json
191 verbose targetResolver reading package data from E:\webappdev\Meteor-Starter\node_modules\jsprim\package.json
192 verbose targetResolver reading package data from E:\webappdev\Meteor-Starter\node_modules\less\package.json
193 verbose targetResolver reading package data from E:\webappdev\Meteor-Starter\node_modules\less-loader\package.json
194 verbose targetResolver reading package data from E:\webappdev\Meteor-Starter\node_modules\loader-utils\package.json
195 verbose targetResolver reading package data from E:\webappdev\Meteor-Starter\node_modules\lru-cache\package.json
196 verbose targetResolver reading package data from E:\webappdev\Meteor-Starter\node_modules\meteor-node-stubs\package.json
197 verbose targetResolver reading package data from E:\webappdev\Meteor-Starter\node_modules\mime\package.json
198 verbose targetResolver reading package data from E:\webappdev\Meteor-Starter\node_modules\mime-db\package.json
199 verbose targetResolver reading package data from E:\webappdev\Meteor-Starter\node_modules\mime-types\package.json
200 verbose targetResolver reading package data from E:\webappdev\Meteor-Starter\node_modules\minimist\package.json
201 verbose targetResolver reading package data from E:\webappdev\Meteor-Starter\node_modules\mkdirp\package.json
202 verbose targetResolver reading package data from E:\webappdev\Meteor-Starter\node_modules\ncp\package.json
203 verbose targetResolver reading package data from E:\webappdev\Meteor-Starter\node_modules\node-uuid\package.json
204 verbose targetResolver reading package data from E:\webappdev\Meteor-Starter\node_modules\oauth-sign\package.json
205 verbose targetResolver reading package data from E:\webappdev\Meteor-Starter\node_modules\object-assign\package.json
206 verbose targetResolver reading package data from E:\webappdev\Meteor-Starter\node_modules\pinkie\package.json
207 verbose targetResolver reading package data from E:\webappdev\Meteor-Starter\node_modules\pinkie-promise\package.json
208 verbose targetResolver reading package data from E:\webappdev\Meteor-Starter\node_modules\process-nextick-args\package.json
209 verbose targetResolver reading package data from E:\webappdev\Meteor-Starter\node_modules\promise\package.json
210 verbose targetResolver reading package data from E:\webappdev\Meteor-Starter\node_modules\prr\package.json
211 verbose targetResolver reading package data from E:\webappdev\Meteor-Starter\node_modules\pseudomap\package.json
212 verbose targetResolver reading package data from E:\webappdev\Meteor-Starter\node_modules\qs\package.json
213 verbose targetResolver reading package data from E:\webappdev\Meteor-Starter\node_modules\readable-stream\package.json
214 verbose targetResolver reading package data from E:\webappdev\Meteor-Starter\node_modules\reflect-metadata\package.json
215 verbose targetResolver reading package data from E:\webappdev\Meteor-Starter\node_modules\request\package.json
216 verbose targetResolver reading package data from E:\webappdev\Meteor-Starter\node_modules\rimraf\package.json
217 verbose targetResolver reading package data from E:\webappdev\Meteor-Starter\node_modules\rxjs\package.json
218 verbose targetResolver reading package data from E:\webappdev\Meteor-Starter\node_modules\sntp\package.json
219 verbose targetResolver reading package data from E:\webappdev\Meteor-Starter\node_modules\source-map\package.json
220 verbose targetResolver reading package data from E:\webappdev\Meteor-Starter\node_modules\sshpk\package.json
221 verbose targetResolver reading package data from E:\webappdev\Meteor-Starter\node_modules\string_decoder\package.json
222 verbose targetResolver reading package data from E:\webappdev\Meteor-Starter\node_modules\stringstream\package.json
223 verbose targetResolver reading package data from E:\webappdev\Meteor-Starter\node_modules\strip-ansi\package.json
224 verbose targetResolver reading package data from E:\webappdev\Meteor-Starter\node_modules\supports-color\package.json
225 verbose targetResolver reading package data from E:\webappdev\Meteor-Starter\node_modules\tough-cookie\package.json
226 verbose targetResolver reading package data from E:\webappdev\Meteor-Starter\node_modules\tunnel-agent\package.json
227 verbose targetResolver reading package data from E:\webappdev\Meteor-Starter\node_modules\tweetnacl\package.json
228 verbose targetResolver reading package data from E:\webappdev\Meteor-Starter\node_modules\typescript\package.json
229 verbose targetResolver reading package data from E:\webappdev\Meteor-Starter\node_modules\typings\package.json
230 verbose targetResolver reading package data from E:\webappdev\Meteor-Starter\node_modules\util-deprecate\package.json
231 verbose targetResolver reading package data from E:\webappdev\Meteor-Starter\node_modules\verror\package.json
232 verbose targetResolver reading package data from E:\webappdev\Meteor-Starter\node_modules\walk\package.json
233 verbose targetResolver reading package data from E:\webappdev\Meteor-Starter\node_modules\xtend\package.json
234 verbose targetResolver reading package data from E:\webappdev\Meteor-Starter\node_modules\yallist\package.json
235 verbose targetResolver reading package data from E:\webappdev\Meteor-Starter\node_modules\zone.js\package.json
236 verbose targetResolver reading package data from E:\webappdev\Meteor-Starter\node_modules\.bin\errno\package.json
237 verbose targetResolver reading package data from E:\webappdev\Meteor-Starter\node_modules\.bin\errno.cmd\package.json
238 verbose targetResolver reading package data from E:\webappdev\Meteor-Starter\node_modules\.bin\har-validator\package.json
239 verbose targetResolver reading package data from E:\webappdev\Meteor-Starter\node_modules\.bin\har-validator.cmd\package.json
240 verbose targetResolver reading package data from E:\webappdev\Meteor-Starter\node_modules\.bin\image-size\package.json
241 verbose targetResolver reading package data from E:\webappdev\Meteor-Starter\node_modules\.bin\image-size.cmd\package.json
242 verbose targetResolver reading package data from E:\webappdev\Meteor-Starter\node_modules\.bin\json5\package.json
243 verbose targetResolver reading package data from E:\webappdev\Meteor-Starter\node_modules\.bin\json5.cmd\package.json
244 verbose targetResolver reading package data from E:\webappdev\Meteor-Starter\node_modules\.bin\lessc\package.json
245 verbose targetResolver reading package data from E:\webappdev\Meteor-Starter\node_modules\.bin\lessc.cmd\package.json
246 verbose targetResolver reading package data from E:\webappdev\Meteor-Starter\node_modules\.bin\mime\package.json
247 verbose targetResolver reading package data from E:\webappdev\Meteor-Starter\node_modules\.bin\mime.cmd\package.json
248 verbose targetResolver reading package data from E:\webappdev\Meteor-Starter\node_modules\.bin\ncp\package.json
249 verbose targetResolver reading package data from E:\webappdev\Meteor-Starter\node_modules\.bin\ncp.cmd\package.json
250 verbose targetResolver reading package data from E:\webappdev\Meteor-Starter\node_modules\.bin\rimraf\package.json
251 verbose targetResolver reading package data from E:\webappdev\Meteor-Starter\node_modules\.bin\rimraf.cmd\package.json
252 verbose targetResolver reading package data from E:\webappdev\Meteor-Starter\node_modules\.bin\sshpk-conv\package.json
253 verbose targetResolver reading package data from E:\webappdev\Meteor-Starter\node_modules\.bin\sshpk-conv.cmd\package.json
254 verbose targetResolver reading package data from E:\webappdev\Meteor-Starter\node_modules\.bin\sshpk-sign\package.json
255 verbose targetResolver reading package data from E:\webappdev\Meteor-Starter\node_modules\.bin\sshpk-sign.cmd\package.json
256 verbose targetResolver reading package data from E:\webappdev\Meteor-Starter\node_modules\.bin\sshpk-verify\package.json
257 verbose targetResolver reading package data from E:\webappdev\Meteor-Starter\node_modules\.bin\sshpk-verify.cmd\package.json
258 verbose targetResolver reading package data from E:\webappdev\Meteor-Starter\node_modules\.bin\tsc\package.json
259 verbose targetResolver reading package data from E:\webappdev\Meteor-Starter\node_modules\.bin\tsc.cmd\package.json
260 verbose targetResolver reading package data from E:\webappdev\Meteor-Starter\node_modules\.bin\tsserver\package.json
261 verbose targetResolver reading package data from E:\webappdev\Meteor-Starter\node_modules\.bin\tsserver.cmd\package.json
262 verbose targetResolver reading package data from E:\webappdev\Meteor-Starter\node_modules\.bin\typings\package.json
263 verbose targetResolver reading package data from E:\webappdev\Meteor-Starter\node_modules\.bin\typings.cmd\package.json
264 verbose targetResolver reading package data from E:\webappdev\Meteor-Starter\node_modules\.bin\uuid\package.json
265 verbose targetResolver reading package data from E:\webappdev\Meteor-Starter\node_modules\.bin\uuid.cmd\package.json
266 verbose already installed skipping reflect-metadata@^0.1.2 E:\webappdev\Meteor-Starter
267 verbose already installed skipping rxjs@^5.0.0-beta.2 E:\webappdev\Meteor-Starter
268 verbose already installed skipping typescript@^1.8.10 E:\webappdev\Meteor-Starter
269 verbose already installed skipping typings@^0.8.1 E:\webappdev\Meteor-Starter
270 verbose already installed skipping zone.js@^0.6.12 E:\webappdev\Meteor-Starter
271 verbose already installed skipping angular2@^2.0.0-beta.15 E:\webappdev\Meteor-Starter
272 verbose already installed skipping angular2-meteor@^0.5.3 E:\webappdev\Meteor-Starter
273 verbose already installed skipping angular2-meteor-accounts-ui@^0.3.5 E:\webappdev\Meteor-Starter
274 verbose already installed skipping angular2-meteor-auto-bootstrap@^0.5.2 E:\webappdev\Meteor-Starter
275 verbose already installed skipping es6-shim@^0.35.0 E:\webappdev\Meteor-Starter
276 verbose already installed skipping meteor-node-stubs@^0.2.3 E:\webappdev\Meteor-Starter
277 silly install resolved []
278 info build E:\webappdev\Meteor-Starter
279 info linkStuff meteor-angular2-socially@1.0.0
280 silly linkStuff meteor-angular2-socially@1.0.0 has E:\webappdev as its parent node_modules
281 verbose linkBins meteor-angular2-socially@1.0.0
282 verbose linkMans meteor-angular2-socially@1.0.0
283 verbose rebuildBundles meteor-angular2-socially@1.0.0
284 verbose rebuildBundles [ '.bin',
284 verbose rebuildBundles   'angular2',
284 verbose rebuildBundles   'angular2-meteor',
284 verbose rebuildBundles   'angular2-meteor-accounts-ui',
284 verbose rebuildBundles   'angular2-meteor-auto-bootstrap',
284 verbose rebuildBundles   'ansi-regex',
284 verbose rebuildBundles   'ansi-styles',
284 verbose rebuildBundles   'asap',
284 verbose rebuildBundles   'asn1',
284 verbose rebuildBundles   'assert-plus',
284 verbose rebuildBundles   'async',
284 verbose rebuildBundles   'aws-sign2',
284 verbose rebuildBundles   'aws4',
284 verbose rebuildBundles   'big.js',
284 verbose rebuildBundles   'bl',
284 verbose rebuildBundles   'boom',
284 verbose rebuildBundles   'caseless',
284 verbose rebuildBundles   'chalk',
284 verbose rebuildBundles   'combined-stream',
284 verbose rebuildBundles   'commander',
284 verbose rebuildBundles   'core-util-is',
284 verbose rebuildBundles   'cryptiles',
284 verbose rebuildBundles   'dashdash',
284 verbose rebuildBundles   'delayed-stream',
284 verbose rebuildBundles   'ecc-jsbn',
284 verbose rebuildBundles   'emojis-list',
284 verbose rebuildBundles   'errno',
284 verbose rebuildBundles   'es6-shim',
284 verbose rebuildBundles   'escape-string-regexp',
284 verbose rebuildBundles   'extend',
284 verbose rebuildBundles   'extsprintf',
284 verbose rebuildBundles   'foreachasync',
284 verbose rebuildBundles   'forever-agent',
284 verbose rebuildBundles   'form-data',
284 verbose rebuildBundles   'fs-extra',
284 verbose rebuildBundles   'fs.extra',
284 verbose rebuildBundles   'generate-function',
284 verbose rebuildBundles   'generate-object-property',
284 verbose rebuildBundles   'getpass',
284 verbose rebuildBundles   'graceful-fs',
284 verbose rebuildBundles   'graceful-readlink',
284 verbose rebuildBundles   'har-validator',
284 verbose rebuildBundles   'has-ansi',
284 verbose rebuildBundles   'hawk',
284 verbose rebuildBundles   'hoek',
284 verbose rebuildBundles   'http-signature',
284 verbose rebuildBundles   'image-size',
284 verbose rebuildBundles   'inherits',
284 verbose rebuildBundles   'is-my-json-valid',
284 verbose rebuildBundles   'is-property',
284 verbose rebuildBundles   'is-typedarray',
284 verbose rebuildBundles   'isarray',
284 verbose rebuildBundles   'isstream',
284 verbose rebuildBundles   'jodid25519',
284 verbose rebuildBundles   'jsbn',
284 verbose rebuildBundles   'json-schema',
284 verbose rebuildBundles   'json-stringify-safe',
284 verbose rebuildBundles   'json5',
284 verbose rebuildBundles   'jsonfile',
284 verbose rebuildBundles   'jsonpointer',
284 verbose rebuildBundles   'jsprim',
284 verbose rebuildBundles   'less',
284 verbose rebuildBundles   'less-loader',
284 verbose rebuildBundles   'loader-utils',
284 verbose rebuildBundles   'lru-cache',
284 verbose rebuildBundles   'meteor-node-stubs',
284 verbose rebuildBundles   'mime',
284 verbose rebuildBundles   'mime-db',
284 verbose rebuildBundles   'mime-types',
284 verbose rebuildBundles   'minimist',
284 verbose rebuildBundles   'mkdirp',
284 verbose rebuildBundles   'ncp',
284 verbose rebuildBundles   'node-uuid',
284 verbose rebuildBundles   'oauth-sign',
284 verbose rebuildBundles   'object-assign',
284 verbose rebuildBundles   'pinkie',
284 verbose rebuildBundles   'pinkie-promise',
284 verbose rebuildBundles   'process-nextick-args',
284 verbose rebuildBundles   'promise',
284 verbose rebuildBundles   'prr',
284 verbose rebuildBundles   'pseudomap',
284 verbose rebuildBundles   'qs',
284 verbose rebuildBundles   'readable-stream',
284 verbose rebuildBundles   'reflect-metadata',
284 verbose rebuildBundles   'request',
284 verbose rebuildBundles   'rimraf',
284 verbose rebuildBundles   'rxjs',
284 verbose rebuildBundles   'sntp',
284 verbose rebuildBundles   'source-map',
284 verbose rebuildBundles   'sshpk',
284 verbose rebuildBundles   'string_decoder',
284 verbose rebuildBundles   'stringstream',
284 verbose rebuildBundles   'strip-ansi',
284 verbose rebuildBundles   'supports-color',
284 verbose rebuildBundles   'tough-cookie',
284 verbose rebuildBundles   'tunnel-agent',
284 verbose rebuildBundles   'tweetnacl',
284 verbose rebuildBundles   'typescript',
284 verbose rebuildBundles   'typings',
284 verbose rebuildBundles   'util-deprecate',
284 verbose rebuildBundles   'verror',
284 verbose rebuildBundles   'walk',
284 verbose rebuildBundles   'xtend',
284 verbose rebuildBundles   'yallist',
284 verbose rebuildBundles   'zone.js' ]
285 verbose rebuild bundle E:\webappdev\Meteor-Starter\node_modules\ansi-regex
286 info build E:\webappdev\Meteor-Starter\node_modules\ansi-regex
287 info preinstall ansi-regex@2.0.0
288 info linkStuff ansi-regex@2.0.0
289 silly linkStuff ansi-regex@2.0.0 has E:\webappdev\Meteor-Starter\node_modules as its parent node_modules
290 verbose linkBins ansi-regex@2.0.0
291 verbose linkMans ansi-regex@2.0.0
292 verbose rebuildBundles ansi-regex@2.0.0
293 info install ansi-regex@2.0.0
294 info postinstall ansi-regex@2.0.0
295 verbose rebuild bundle E:\webappdev\Meteor-Starter\node_modules\ansi-styles
296 info build E:\webappdev\Meteor-Starter\node_modules\ansi-styles
297 info preinstall ansi-styles@2.2.1
298 info linkStuff ansi-styles@2.2.1
299 silly linkStuff ansi-styles@2.2.1 has E:\webappdev\Meteor-Starter\node_modules as its parent node_modules
300 verbose linkBins ansi-styles@2.2.1
301 verbose linkMans ansi-styles@2.2.1
302 verbose rebuildBundles ansi-styles@2.2.1
303 info install ansi-styles@2.2.1
304 info postinstall ansi-styles@2.2.1
305 verbose rebuild bundle E:\webappdev\Meteor-Starter\node_modules\asap
306 info build E:\webappdev\Meteor-Starter\node_modules\asap
307 info preinstall asap@2.0.3
308 info linkStuff asap@2.0.3
309 silly linkStuff asap@2.0.3 has E:\webappdev\Meteor-Starter\node_modules as its parent node_modules
310 verbose linkBins asap@2.0.3
311 verbose linkMans asap@2.0.3
312 verbose rebuildBundles asap@2.0.3
313 info install asap@2.0.3
314 info postinstall asap@2.0.3
315 verbose rebuild bundle E:\webappdev\Meteor-Starter\node_modules\asn1
316 info build E:\webappdev\Meteor-Starter\node_modules\asn1
317 info preinstall asn1@0.2.3
318 info linkStuff asn1@0.2.3
319 silly linkStuff asn1@0.2.3 has E:\webappdev\Meteor-Starter\node_modules as its parent node_modules
320 verbose linkBins asn1@0.2.3
321 verbose linkMans asn1@0.2.3
322 verbose rebuildBundles asn1@0.2.3
323 info install asn1@0.2.3
324 info postinstall asn1@0.2.3
325 verbose rebuild bundle E:\webappdev\Meteor-Starter\node_modules\assert-plus
326 info build E:\webappdev\Meteor-Starter\node_modules\assert-plus
327 info preinstall assert-plus@0.2.0
328 info linkStuff assert-plus@0.2.0
329 silly linkStuff assert-plus@0.2.0 has E:\webappdev\Meteor-Starter\node_modules as its parent node_modules
330 verbose linkBins assert-plus@0.2.0
331 verbose linkMans assert-plus@0.2.0
332 verbose rebuildBundles assert-plus@0.2.0
333 info install assert-plus@0.2.0
334 info postinstall assert-plus@0.2.0
335 verbose rebuild bundle E:\webappdev\Meteor-Starter\node_modules\async
336 info build E:\webappdev\Meteor-Starter\node_modules\async
337 info preinstall async@1.5.2
338 info linkStuff async@1.5.2
339 silly linkStuff async@1.5.2 has E:\webappdev\Meteor-Starter\node_modules as its parent node_modules
340 verbose linkBins async@1.5.2
341 verbose linkMans async@1.5.2
342 verbose rebuildBundles async@1.5.2
343 info install async@1.5.2
344 info postinstall async@1.5.2
345 verbose rebuild bundle E:\webappdev\Meteor-Starter\node_modules\aws-sign2
346 info build E:\webappdev\Meteor-Starter\node_modules\aws-sign2
347 info preinstall aws-sign2@0.6.0
348 info linkStuff aws-sign2@0.6.0
349 silly linkStuff aws-sign2@0.6.0 has E:\webappdev\Meteor-Starter\node_modules as its parent node_modules
350 verbose linkBins aws-sign2@0.6.0
351 verbose linkMans aws-sign2@0.6.0
352 verbose rebuildBundles aws-sign2@0.6.0
353 info install aws-sign2@0.6.0
354 info postinstall aws-sign2@0.6.0
355 verbose rebuild bundle E:\webappdev\Meteor-Starter\node_modules\aws4
356 info build E:\webappdev\Meteor-Starter\node_modules\aws4
357 info preinstall aws4@1.3.2
358 info linkStuff aws4@1.3.2
359 silly linkStuff aws4@1.3.2 has E:\webappdev\Meteor-Starter\node_modules as its parent node_modules
360 verbose linkBins aws4@1.3.2
361 verbose linkMans aws4@1.3.2
362 verbose rebuildBundles aws4@1.3.2
363 info install aws4@1.3.2
364 info postinstall aws4@1.3.2
365 verbose rebuild bundle E:\webappdev\Meteor-Starter\node_modules\big.js
366 info build E:\webappdev\Meteor-Starter\node_modules\big.js
367 info preinstall big.js@3.1.3
368 info linkStuff big.js@3.1.3
369 silly linkStuff big.js@3.1.3 has E:\webappdev\Meteor-Starter\node_modules as its parent node_modules
370 verbose linkBins big.js@3.1.3
371 verbose linkMans big.js@3.1.3
372 verbose rebuildBundles big.js@3.1.3
373 info install big.js@3.1.3
374 info postinstall big.js@3.1.3
375 verbose rebuild bundle E:\webappdev\Meteor-Starter\node_modules\bl
376 info build E:\webappdev\Meteor-Starter\node_modules\bl
377 info preinstall bl@1.1.2
378 info linkStuff bl@1.1.2
379 silly linkStuff bl@1.1.2 has E:\webappdev\Meteor-Starter\node_modules as its parent node_modules
380 verbose linkBins bl@1.1.2
381 verbose linkMans bl@1.1.2
382 verbose rebuildBundles bl@1.1.2
383 info install bl@1.1.2
384 info postinstall bl@1.1.2
385 verbose rebuild bundle E:\webappdev\Meteor-Starter\node_modules\boom
386 info build E:\webappdev\Meteor-Starter\node_modules\boom
387 info preinstall boom@2.10.1
388 info linkStuff boom@2.10.1
389 silly linkStuff boom@2.10.1 has E:\webappdev\Meteor-Starter\node_modules as its parent node_modules
390 verbose linkBins boom@2.10.1
391 verbose linkMans boom@2.10.1
392 verbose rebuildBundles boom@2.10.1
393 info install boom@2.10.1
394 info postinstall boom@2.10.1
395 verbose rebuild bundle E:\webappdev\Meteor-Starter\node_modules\caseless
396 info build E:\webappdev\Meteor-Starter\node_modules\caseless
397 info preinstall caseless@0.11.0
398 info linkStuff caseless@0.11.0
399 silly linkStuff caseless@0.11.0 has E:\webappdev\Meteor-Starter\node_modules as its parent node_modules
400 verbose linkBins caseless@0.11.0
401 verbose linkMans caseless@0.11.0
402 verbose rebuildBundles caseless@0.11.0
403 info install caseless@0.11.0
404 info postinstall caseless@0.11.0
405 verbose rebuild bundle E:\webappdev\Meteor-Starter\node_modules\chalk
406 info build E:\webappdev\Meteor-Starter\node_modules\chalk
407 info preinstall chalk@1.1.3
408 info linkStuff chalk@1.1.3
409 silly linkStuff chalk@1.1.3 has E:\webappdev\Meteor-Starter\node_modules as its parent node_modules
410 verbose linkBins chalk@1.1.3
411 verbose linkMans chalk@1.1.3
412 verbose rebuildBundles chalk@1.1.3
413 info install chalk@1.1.3
414 info postinstall chalk@1.1.3
415 verbose rebuild bundle E:\webappdev\Meteor-Starter\node_modules\combined-stream
416 info build E:\webappdev\Meteor-Starter\node_modules\combined-stream
417 info preinstall combined-stream@1.0.5
418 info linkStuff combined-stream@1.0.5
419 silly linkStuff combined-stream@1.0.5 has E:\webappdev\Meteor-Starter\node_modules as its parent node_modules
420 verbose linkBins combined-stream@1.0.5
421 verbose linkMans combined-stream@1.0.5
422 verbose rebuildBundles combined-stream@1.0.5
423 info install combined-stream@1.0.5
424 info postinstall combined-stream@1.0.5
425 verbose rebuild bundle E:\webappdev\Meteor-Starter\node_modules\commander
426 info build E:\webappdev\Meteor-Starter\node_modules\commander
427 info preinstall commander@2.9.0
428 info linkStuff commander@2.9.0
429 silly linkStuff commander@2.9.0 has E:\webappdev\Meteor-Starter\node_modules as its parent node_modules
430 verbose linkBins commander@2.9.0
431 verbose linkMans commander@2.9.0
432 verbose rebuildBundles commander@2.9.0
433 info install commander@2.9.0
434 info postinstall commander@2.9.0
435 verbose rebuild bundle E:\webappdev\Meteor-Starter\node_modules\core-util-is
436 info build E:\webappdev\Meteor-Starter\node_modules\core-util-is
437 info preinstall core-util-is@1.0.2
438 info linkStuff core-util-is@1.0.2
439 silly linkStuff core-util-is@1.0.2 has E:\webappdev\Meteor-Starter\node_modules as its parent node_modules
440 verbose linkBins core-util-is@1.0.2
441 verbose linkMans core-util-is@1.0.2
442 verbose rebuildBundles core-util-is@1.0.2
443 info install core-util-is@1.0.2
444 info postinstall core-util-is@1.0.2
445 verbose rebuild bundle E:\webappdev\Meteor-Starter\node_modules\cryptiles
446 info build E:\webappdev\Meteor-Starter\node_modules\cryptiles
447 info preinstall cryptiles@2.0.5
448 info linkStuff cryptiles@2.0.5
449 silly linkStuff cryptiles@2.0.5 has E:\webappdev\Meteor-Starter\node_modules as its parent node_modules
450 verbose linkBins cryptiles@2.0.5
451 verbose linkMans cryptiles@2.0.5
452 verbose rebuildBundles cryptiles@2.0.5
453 info install cryptiles@2.0.5
454 info postinstall cryptiles@2.0.5
455 verbose rebuild bundle E:\webappdev\Meteor-Starter\node_modules\dashdash
456 info build E:\webappdev\Meteor-Starter\node_modules\dashdash
457 info preinstall dashdash@1.13.1
458 info linkStuff dashdash@1.13.1
459 silly linkStuff dashdash@1.13.1 has E:\webappdev\Meteor-Starter\node_modules as its parent node_modules
460 verbose linkBins dashdash@1.13.1
461 verbose linkMans dashdash@1.13.1
462 verbose rebuildBundles dashdash@1.13.1
463 verbose rebuildBundles [ 'assert-plus' ]
464 info install dashdash@1.13.1
465 info postinstall dashdash@1.13.1
466 verbose rebuild bundle E:\webappdev\Meteor-Starter\node_modules\delayed-stream
467 info build E:\webappdev\Meteor-Starter\node_modules\delayed-stream
468 info preinstall delayed-stream@1.0.0
469 info linkStuff delayed-stream@1.0.0
470 silly linkStuff delayed-stream@1.0.0 has E:\webappdev\Meteor-Starter\node_modules as its parent node_modules
471 verbose linkBins delayed-stream@1.0.0
472 verbose linkMans delayed-stream@1.0.0
473 verbose rebuildBundles delayed-stream@1.0.0
474 info install delayed-stream@1.0.0
475 info postinstall delayed-stream@1.0.0
476 verbose rebuild bundle E:\webappdev\Meteor-Starter\node_modules\ecc-jsbn
477 info build E:\webappdev\Meteor-Starter\node_modules\ecc-jsbn
478 info preinstall ecc-jsbn@0.0.1
479 info linkStuff ecc-jsbn@0.0.1
480 silly linkStuff ecc-jsbn@0.0.1 has E:\webappdev\Meteor-Starter\node_modules as its parent node_modules
481 verbose linkBins ecc-jsbn@0.0.1
482 verbose linkMans ecc-jsbn@0.0.1
483 verbose rebuildBundles ecc-jsbn@0.0.1
484 verbose rebuildBundles [ 'jsbn' ]
485 info install ecc-jsbn@0.0.1
486 info postinstall ecc-jsbn@0.0.1
487 verbose rebuild bundle E:\webappdev\Meteor-Starter\node_modules\emojis-list
488 info build E:\webappdev\Meteor-Starter\node_modules\emojis-list
489 info preinstall emojis-list@1.0.1
490 info linkStuff emojis-list@1.0.1
491 silly linkStuff emojis-list@1.0.1 has E:\webappdev\Meteor-Starter\node_modules as its parent node_modules
492 verbose linkBins emojis-list@1.0.1
493 verbose linkMans emojis-list@1.0.1
494 verbose rebuildBundles emojis-list@1.0.1
495 info install emojis-list@1.0.1
496 info postinstall emojis-list@1.0.1
497 verbose rebuild bundle E:\webappdev\Meteor-Starter\node_modules\errno
498 info build E:\webappdev\Meteor-Starter\node_modules\errno
499 info preinstall errno@0.1.4
500 info linkStuff errno@0.1.4
501 silly linkStuff errno@0.1.4 has E:\webappdev\Meteor-Starter\node_modules as its parent node_modules
502 verbose linkBins errno@0.1.4
503 verbose link bins [ { errno: './cli.js' },
503 verbose link bins   'E:\\webappdev\\Meteor-Starter\\node_modules\\.bin',
503 verbose link bins   false ]
504 verbose linkMans errno@0.1.4
505 verbose rebuildBundles errno@0.1.4
506 info install errno@0.1.4
507 info postinstall errno@0.1.4
508 verbose rebuild bundle E:\webappdev\Meteor-Starter\node_modules\escape-string-regexp
509 info build E:\webappdev\Meteor-Starter\node_modules\escape-string-regexp
510 info preinstall escape-string-regexp@1.0.5
511 info linkStuff escape-string-regexp@1.0.5
512 silly linkStuff escape-string-regexp@1.0.5 has E:\webappdev\Meteor-Starter\node_modules as its parent node_modules
513 verbose linkBins escape-string-regexp@1.0.5
514 verbose linkMans escape-string-regexp@1.0.5
515 verbose rebuildBundles escape-string-regexp@1.0.5
516 info install escape-string-regexp@1.0.5
517 info postinstall escape-string-regexp@1.0.5
518 verbose rebuild bundle E:\webappdev\Meteor-Starter\node_modules\extend
519 info build E:\webappdev\Meteor-Starter\node_modules\extend
520 info preinstall extend@3.0.0
521 info linkStuff extend@3.0.0
522 silly linkStuff extend@3.0.0 has E:\webappdev\Meteor-Starter\node_modules as its parent node_modules
523 verbose linkBins extend@3.0.0
524 verbose linkMans extend@3.0.0
525 verbose rebuildBundles extend@3.0.0
526 info install extend@3.0.0
527 info postinstall extend@3.0.0
528 verbose rebuild bundle E:\webappdev\Meteor-Starter\node_modules\extsprintf
529 info build E:\webappdev\Meteor-Starter\node_modules\extsprintf
530 info preinstall extsprintf@1.0.2
531 info linkStuff extsprintf@1.0.2
532 silly linkStuff extsprintf@1.0.2 has E:\webappdev\Meteor-Starter\node_modules as its parent node_modules
533 verbose linkBins extsprintf@1.0.2
534 verbose linkMans extsprintf@1.0.2
535 verbose rebuildBundles extsprintf@1.0.2
536 info install extsprintf@1.0.2
537 info postinstall extsprintf@1.0.2
538 verbose rebuild bundle E:\webappdev\Meteor-Starter\node_modules\foreachasync
539 info build E:\webappdev\Meteor-Starter\node_modules\foreachasync
540 info preinstall foreachasync@3.0.0
541 info linkStuff foreachasync@3.0.0
542 silly linkStuff foreachasync@3.0.0 has E:\webappdev\Meteor-Starter\node_modules as its parent node_modules
543 verbose linkBins foreachasync@3.0.0
544 verbose linkMans foreachasync@3.0.0
545 verbose rebuildBundles foreachasync@3.0.0
546 info install foreachasync@3.0.0
547 info postinstall foreachasync@3.0.0
548 verbose rebuild bundle E:\webappdev\Meteor-Starter\node_modules\forever-agent
549 info build E:\webappdev\Meteor-Starter\node_modules\forever-agent
550 info preinstall forever-agent@0.6.1
551 info linkStuff forever-agent@0.6.1
552 silly linkStuff forever-agent@0.6.1 has E:\webappdev\Meteor-Starter\node_modules as its parent node_modules
553 verbose linkBins forever-agent@0.6.1
554 verbose linkMans forever-agent@0.6.1
555 verbose rebuildBundles forever-agent@0.6.1
556 info install forever-agent@0.6.1
557 info postinstall forever-agent@0.6.1
558 verbose rebuild bundle E:\webappdev\Meteor-Starter\node_modules\form-data
559 info build E:\webappdev\Meteor-Starter\node_modules\form-data
560 info preinstall form-data@1.0.0-rc4
561 info linkStuff form-data@1.0.0-rc4
562 silly linkStuff form-data@1.0.0-rc4 has E:\webappdev\Meteor-Starter\node_modules as its parent node_modules
563 verbose linkBins form-data@1.0.0-rc4
564 verbose linkMans form-data@1.0.0-rc4
565 verbose rebuildBundles form-data@1.0.0-rc4
566 info install form-data@1.0.0-rc4
567 info postinstall form-data@1.0.0-rc4
568 verbose rebuild bundle E:\webappdev\Meteor-Starter\node_modules\fs-extra
569 info build E:\webappdev\Meteor-Starter\node_modules\fs-extra
570 info preinstall fs-extra@0.6.4
571 info linkStuff fs-extra@0.6.4
572 silly linkStuff fs-extra@0.6.4 has E:\webappdev\Meteor-Starter\node_modules as its parent node_modules
573 verbose linkBins fs-extra@0.6.4
574 verbose linkMans fs-extra@0.6.4
575 verbose rebuildBundles fs-extra@0.6.4
576 info install fs-extra@0.6.4
577 info postinstall fs-extra@0.6.4
578 verbose rebuild bundle E:\webappdev\Meteor-Starter\node_modules\fs.extra
579 info build E:\webappdev\Meteor-Starter\node_modules\fs.extra
580 info preinstall fs.extra@1.3.2
581 info linkStuff fs.extra@1.3.2
582 silly linkStuff fs.extra@1.3.2 has E:\webappdev\Meteor-Starter\node_modules as its parent node_modules
583 verbose linkBins fs.extra@1.3.2
584 verbose linkMans fs.extra@1.3.2
585 verbose rebuildBundles fs.extra@1.3.2
586 info install fs.extra@1.3.2
587 info postinstall fs.extra@1.3.2
588 verbose rebuild bundle E:\webappdev\Meteor-Starter\node_modules\generate-function
589 info build E:\webappdev\Meteor-Starter\node_modules\generate-function
590 info preinstall generate-function@2.0.0
591 info linkStuff generate-function@2.0.0
592 silly linkStuff generate-function@2.0.0 has E:\webappdev\Meteor-Starter\node_modules as its parent node_modules
593 verbose linkBins generate-function@2.0.0
594 verbose linkMans generate-function@2.0.0
595 verbose rebuildBundles generate-function@2.0.0
596 info install generate-function@2.0.0
597 info postinstall generate-function@2.0.0
598 verbose rebuild bundle E:\webappdev\Meteor-Starter\node_modules\generate-object-property
599 info build E:\webappdev\Meteor-Starter\node_modules\generate-object-property
600 info preinstall generate-object-property@1.2.0
601 info linkStuff generate-object-property@1.2.0
602 silly linkStuff generate-object-property@1.2.0 has E:\webappdev\Meteor-Starter\node_modules as its parent node_modules
603 verbose linkBins generate-object-property@1.2.0
604 verbose linkMans generate-object-property@1.2.0
605 verbose rebuildBundles generate-object-property@1.2.0
606 info install generate-object-property@1.2.0
607 info postinstall generate-object-property@1.2.0
608 verbose rebuild bundle E:\webappdev\Meteor-Starter\node_modules\getpass
609 info build E:\webappdev\Meteor-Starter\node_modules\getpass
610 info preinstall getpass@0.1.5
611 info linkStuff getpass@0.1.5
612 silly linkStuff getpass@0.1.5 has E:\webappdev\Meteor-Starter\node_modules as its parent node_modules
613 verbose linkBins getpass@0.1.5
614 verbose linkMans getpass@0.1.5
615 verbose rebuildBundles getpass@0.1.5
616 verbose rebuildBundles [ 'assert-plus' ]
617 info install getpass@0.1.5
618 info postinstall getpass@0.1.5
619 verbose rebuild bundle E:\webappdev\Meteor-Starter\node_modules\graceful-fs
620 info build E:\webappdev\Meteor-Starter\node_modules\graceful-fs
621 info preinstall graceful-fs@4.1.3
622 info linkStuff graceful-fs@4.1.3
623 silly linkStuff graceful-fs@4.1.3 has E:\webappdev\Meteor-Starter\node_modules as its parent node_modules
624 verbose linkBins graceful-fs@4.1.3
625 verbose linkMans graceful-fs@4.1.3
626 verbose rebuildBundles graceful-fs@4.1.3
627 info install graceful-fs@4.1.3
628 info postinstall graceful-fs@4.1.3
629 verbose rebuild bundle E:\webappdev\Meteor-Starter\node_modules\graceful-readlink
630 info build E:\webappdev\Meteor-Starter\node_modules\graceful-readlink
631 info preinstall graceful-readlink@1.0.1
632 info linkStuff graceful-readlink@1.0.1
633 silly linkStuff graceful-readlink@1.0.1 has E:\webappdev\Meteor-Starter\node_modules as its parent node_modules
634 verbose linkBins graceful-readlink@1.0.1
635 verbose linkMans graceful-readlink@1.0.1
636 verbose rebuildBundles graceful-readlink@1.0.1
637 info install graceful-readlink@1.0.1
638 info postinstall graceful-readlink@1.0.1
639 verbose rebuild bundle E:\webappdev\Meteor-Starter\node_modules\har-validator
640 info build E:\webappdev\Meteor-Starter\node_modules\har-validator
641 info preinstall har-validator@2.0.6
642 info linkStuff har-validator@2.0.6
643 silly linkStuff har-validator@2.0.6 has E:\webappdev\Meteor-Starter\node_modules as its parent node_modules
644 verbose linkBins har-validator@2.0.6
645 verbose link bins [ { 'har-validator': 'bin/har-validator' },
645 verbose link bins   'E:\\webappdev\\Meteor-Starter\\node_modules\\.bin',
645 verbose link bins   false ]
646 verbose linkMans har-validator@2.0.6
647 verbose rebuildBundles har-validator@2.0.6
648 info install har-validator@2.0.6
649 info postinstall har-validator@2.0.6
650 verbose rebuild bundle E:\webappdev\Meteor-Starter\node_modules\has-ansi
651 info build E:\webappdev\Meteor-Starter\node_modules\has-ansi
652 info preinstall has-ansi@2.0.0
653 info linkStuff has-ansi@2.0.0
654 silly linkStuff has-ansi@2.0.0 has E:\webappdev\Meteor-Starter\node_modules as its parent node_modules
655 verbose linkBins has-ansi@2.0.0
656 verbose linkMans has-ansi@2.0.0
657 verbose rebuildBundles has-ansi@2.0.0
658 info install has-ansi@2.0.0
659 info postinstall has-ansi@2.0.0
660 verbose rebuild bundle E:\webappdev\Meteor-Starter\node_modules\hawk
661 info build E:\webappdev\Meteor-Starter\node_modules\hawk
662 info preinstall hawk@3.1.3
663 info linkStuff hawk@3.1.3
664 silly linkStuff hawk@3.1.3 has E:\webappdev\Meteor-Starter\node_modules as its parent node_modules
665 verbose linkBins hawk@3.1.3
666 verbose linkMans hawk@3.1.3
667 verbose rebuildBundles hawk@3.1.3
668 info install hawk@3.1.3
669 info postinstall hawk@3.1.3
670 verbose rebuild bundle E:\webappdev\Meteor-Starter\node_modules\hoek
671 info build E:\webappdev\Meteor-Starter\node_modules\hoek
672 info preinstall hoek@2.16.3
673 info linkStuff hoek@2.16.3
674 silly linkStuff hoek@2.16.3 has E:\webappdev\Meteor-Starter\node_modules as its parent node_modules
675 verbose linkBins hoek@2.16.3
676 verbose linkMans hoek@2.16.3
677 verbose rebuildBundles hoek@2.16.3
678 info install hoek@2.16.3
679 info postinstall hoek@2.16.3
680 verbose rebuild bundle E:\webappdev\Meteor-Starter\node_modules\http-signature
681 info build E:\webappdev\Meteor-Starter\node_modules\http-signature
682 info preinstall http-signature@1.1.1
683 info linkStuff http-signature@1.1.1
684 silly linkStuff http-signature@1.1.1 has E:\webappdev\Meteor-Starter\node_modules as its parent node_modules
685 verbose linkBins http-signature@1.1.1
686 verbose linkMans http-signature@1.1.1
687 verbose rebuildBundles http-signature@1.1.1
688 info install http-signature@1.1.1
689 info postinstall http-signature@1.1.1
690 verbose rebuild bundle E:\webappdev\Meteor-Starter\node_modules\image-size
691 info build E:\webappdev\Meteor-Starter\node_modules\image-size
692 info preinstall image-size@0.4.0
693 info linkStuff image-size@0.4.0
694 silly linkStuff image-size@0.4.0 has E:\webappdev\Meteor-Starter\node_modules as its parent node_modules
695 verbose linkBins image-size@0.4.0
696 verbose link bins [ { 'image-size': 'bin/image-size.js' },
696 verbose link bins   'E:\\webappdev\\Meteor-Starter\\node_modules\\.bin',
696 verbose link bins   false ]
697 verbose linkMans image-size@0.4.0
698 verbose rebuildBundles image-size@0.4.0
699 info install image-size@0.4.0
700 info postinstall image-size@0.4.0
701 verbose rebuild bundle E:\webappdev\Meteor-Starter\node_modules\inherits
702 info build E:\webappdev\Meteor-Starter\node_modules\inherits
703 info preinstall inherits@2.0.1
704 info linkStuff inherits@2.0.1
705 silly linkStuff inherits@2.0.1 has E:\webappdev\Meteor-Starter\node_modules as its parent node_modules
706 verbose linkBins inherits@2.0.1
707 verbose linkMans inherits@2.0.1
708 verbose rebuildBundles inherits@2.0.1
709 info install inherits@2.0.1
710 info postinstall inherits@2.0.1
711 verbose rebuild bundle E:\webappdev\Meteor-Starter\node_modules\is-my-json-valid
712 info build E:\webappdev\Meteor-Starter\node_modules\is-my-json-valid
713 info preinstall is-my-json-valid@2.13.1
714 info linkStuff is-my-json-valid@2.13.1
715 silly linkStuff is-my-json-valid@2.13.1 has E:\webappdev\Meteor-Starter\node_modules as its parent node_modules
716 verbose linkBins is-my-json-valid@2.13.1
717 verbose linkMans is-my-json-valid@2.13.1
718 verbose rebuildBundles is-my-json-valid@2.13.1
719 info install is-my-json-valid@2.13.1
720 info postinstall is-my-json-valid@2.13.1
721 verbose rebuild bundle E:\webappdev\Meteor-Starter\node_modules\is-property
722 info build E:\webappdev\Meteor-Starter\node_modules\is-property
723 info preinstall is-property@1.0.2
724 info linkStuff is-property@1.0.2
725 silly linkStuff is-property@1.0.2 has E:\webappdev\Meteor-Starter\node_modules as its parent node_modules
726 verbose linkBins is-property@1.0.2
727 verbose linkMans is-property@1.0.2
728 verbose rebuildBundles is-property@1.0.2
729 info install is-property@1.0.2
730 info postinstall is-property@1.0.2
731 verbose rebuild bundle E:\webappdev\Meteor-Starter\node_modules\is-typedarray
732 info build E:\webappdev\Meteor-Starter\node_modules\is-typedarray
733 info preinstall is-typedarray@1.0.0
734 info linkStuff is-typedarray@1.0.0
735 silly linkStuff is-typedarray@1.0.0 has E:\webappdev\Meteor-Starter\node_modules as its parent node_modules
736 verbose linkBins is-typedarray@1.0.0
737 verbose linkMans is-typedarray@1.0.0
738 verbose rebuildBundles is-typedarray@1.0.0
739 info install is-typedarray@1.0.0
740 info postinstall is-typedarray@1.0.0
741 verbose rebuild bundle E:\webappdev\Meteor-Starter\node_modules\isarray
742 info build E:\webappdev\Meteor-Starter\node_modules\isarray
743 info preinstall isarray@1.0.0
744 info linkStuff isarray@1.0.0
745 silly linkStuff isarray@1.0.0 has E:\webappdev\Meteor-Starter\node_modules as its parent node_modules
746 verbose linkBins isarray@1.0.0
747 verbose linkMans isarray@1.0.0
748 verbose rebuildBundles isarray@1.0.0
749 info install isarray@1.0.0
750 info postinstall isarray@1.0.0
751 verbose rebuild bundle E:\webappdev\Meteor-Starter\node_modules\isstream
752 info build E:\webappdev\Meteor-Starter\node_modules\isstream
753 info preinstall isstream@0.1.2
754 info linkStuff isstream@0.1.2
755 silly linkStuff isstream@0.1.2 has E:\webappdev\Meteor-Starter\node_modules as its parent node_modules
756 verbose linkBins isstream@0.1.2
757 verbose linkMans isstream@0.1.2
758 verbose rebuildBundles isstream@0.1.2
759 info install isstream@0.1.2
760 info postinstall isstream@0.1.2
761 verbose rebuild bundle E:\webappdev\Meteor-Starter\node_modules\jodid25519
762 info build E:\webappdev\Meteor-Starter\node_modules\jodid25519
763 info preinstall jodid25519@1.0.2
764 info linkStuff jodid25519@1.0.2
765 silly linkStuff jodid25519@1.0.2 has E:\webappdev\Meteor-Starter\node_modules as its parent node_modules
766 verbose linkBins jodid25519@1.0.2
767 verbose linkMans jodid25519@1.0.2
768 verbose rebuildBundles jodid25519@1.0.2
769 info install jodid25519@1.0.2
770 info postinstall jodid25519@1.0.2
771 verbose rebuild bundle E:\webappdev\Meteor-Starter\node_modules\jsbn
772 info build E:\webappdev\Meteor-Starter\node_modules\jsbn
773 info preinstall jsbn@0.1.0
774 info linkStuff jsbn@0.1.0
775 silly linkStuff jsbn@0.1.0 has E:\webappdev\Meteor-Starter\node_modules as its parent node_modules
776 verbose linkBins jsbn@0.1.0
777 verbose linkMans jsbn@0.1.0
778 verbose rebuildBundles jsbn@0.1.0
779 info install jsbn@0.1.0
780 info postinstall jsbn@0.1.0
781 verbose rebuild bundle E:\webappdev\Meteor-Starter\node_modules\json-schema
782 info build E:\webappdev\Meteor-Starter\node_modules\json-schema
783 info preinstall json-schema@0.2.2
784 info linkStuff json-schema@0.2.2
785 silly linkStuff json-schema@0.2.2 has E:\webappdev\Meteor-Starter\node_modules as its parent node_modules
786 verbose linkBins json-schema@0.2.2
787 verbose linkMans json-schema@0.2.2
788 verbose rebuildBundles json-schema@0.2.2
789 info install json-schema@0.2.2
790 info postinstall json-schema@0.2.2
791 verbose rebuild bundle E:\webappdev\Meteor-Starter\node_modules\json-stringify-safe
792 info build E:\webappdev\Meteor-Starter\node_modules\json-stringify-safe
793 info preinstall json-stringify-safe@5.0.1
794 info linkStuff json-stringify-safe@5.0.1
795 silly linkStuff json-stringify-safe@5.0.1 has E:\webappdev\Meteor-Starter\node_modules as its parent node_modules
796 verbose linkBins json-stringify-safe@5.0.1
797 verbose linkMans json-stringify-safe@5.0.1
798 verbose rebuildBundles json-stringify-safe@5.0.1
799 info install json-stringify-safe@5.0.1
800 info postinstall json-stringify-safe@5.0.1
801 verbose rebuild bundle E:\webappdev\Meteor-Starter\node_modules\json5
802 info build E:\webappdev\Meteor-Starter\node_modules\json5
803 info preinstall json5@0.5.0
804 info linkStuff json5@0.5.0
805 silly linkStuff json5@0.5.0 has E:\webappdev\Meteor-Starter\node_modules as its parent node_modules
806 verbose linkBins json5@0.5.0
807 verbose link bins [ { json5: 'lib/cli.js' },
807 verbose link bins   'E:\\webappdev\\Meteor-Starter\\node_modules\\.bin',
807 verbose link bins   false ]
808 verbose linkMans json5@0.5.0
809 verbose rebuildBundles json5@0.5.0
810 info install json5@0.5.0
811 info postinstall json5@0.5.0
812 verbose rebuild bundle E:\webappdev\Meteor-Starter\node_modules\jsonfile
813 info build E:\webappdev\Meteor-Starter\node_modules\jsonfile
814 info preinstall jsonfile@1.0.1
815 info linkStuff jsonfile@1.0.1
816 silly linkStuff jsonfile@1.0.1 has E:\webappdev\Meteor-Starter\node_modules as its parent node_modules
817 verbose linkBins jsonfile@1.0.1
818 verbose linkMans jsonfile@1.0.1
819 verbose rebuildBundles jsonfile@1.0.1
820 info install jsonfile@1.0.1
821 info postinstall jsonfile@1.0.1
822 verbose rebuild bundle E:\webappdev\Meteor-Starter\node_modules\jsonpointer
823 info build E:\webappdev\Meteor-Starter\node_modules\jsonpointer
824 info preinstall jsonpointer@2.0.0
825 info linkStuff jsonpointer@2.0.0
826 silly linkStuff jsonpointer@2.0.0 has E:\webappdev\Meteor-Starter\node_modules as its parent node_modules
827 verbose linkBins jsonpointer@2.0.0
828 verbose linkMans jsonpointer@2.0.0
829 verbose rebuildBundles jsonpointer@2.0.0
830 info install jsonpointer@2.0.0
831 info postinstall jsonpointer@2.0.0
832 verbose rebuild bundle E:\webappdev\Meteor-Starter\node_modules\jsprim
833 info build E:\webappdev\Meteor-Starter\node_modules\jsprim
834 info preinstall jsprim@1.2.2
835 info linkStuff jsprim@1.2.2
836 silly linkStuff jsprim@1.2.2 has E:\webappdev\Meteor-Starter\node_modules as its parent node_modules
837 verbose linkBins jsprim@1.2.2
838 verbose linkMans jsprim@1.2.2
839 verbose rebuildBundles jsprim@1.2.2
840 info install jsprim@1.2.2
841 info postinstall jsprim@1.2.2
842 verbose rebuild bundle E:\webappdev\Meteor-Starter\node_modules\less
843 info build E:\webappdev\Meteor-Starter\node_modules\less
844 info preinstall less@2.6.1
845 info linkStuff less@2.6.1
846 silly linkStuff less@2.6.1 has E:\webappdev\Meteor-Starter\node_modules as its parent node_modules
847 verbose linkBins less@2.6.1
848 verbose link bins [ { lessc: './bin/lessc' },
848 verbose link bins   'E:\\webappdev\\Meteor-Starter\\node_modules\\.bin',
848 verbose link bins   false ]
849 verbose linkMans less@2.6.1
850 verbose rebuildBundles less@2.6.1
851 info install less@2.6.1
852 info postinstall less@2.6.1
853 verbose rebuild bundle E:\webappdev\Meteor-Starter\node_modules\less-loader
854 info build E:\webappdev\Meteor-Starter\node_modules\less-loader
855 info preinstall less-loader@2.2.3
856 info linkStuff less-loader@2.2.3
857 silly linkStuff less-loader@2.2.3 has E:\webappdev\Meteor-Starter\node_modules as its parent node_modules
858 verbose linkBins less-loader@2.2.3
859 verbose linkMans less-loader@2.2.3
860 verbose rebuildBundles less-loader@2.2.3
861 info install less-loader@2.2.3
862 info postinstall less-loader@2.2.3
863 verbose rebuild bundle E:\webappdev\Meteor-Starter\node_modules\loader-utils
864 info build E:\webappdev\Meteor-Starter\node_modules\loader-utils
865 info preinstall loader-utils@0.2.14
866 info linkStuff loader-utils@0.2.14
867 silly linkStuff loader-utils@0.2.14 has E:\webappdev\Meteor-Starter\node_modules as its parent node_modules
868 verbose linkBins loader-utils@0.2.14
869 verbose linkMans loader-utils@0.2.14
870 verbose rebuildBundles loader-utils@0.2.14
871 info install loader-utils@0.2.14
872 info postinstall loader-utils@0.2.14
873 verbose rebuild bundle E:\webappdev\Meteor-Starter\node_modules\lru-cache
874 info build E:\webappdev\Meteor-Starter\node_modules\lru-cache
875 info preinstall lru-cache@4.0.1
876 info linkStuff lru-cache@4.0.1
877 silly linkStuff lru-cache@4.0.1 has E:\webappdev\Meteor-Starter\node_modules as its parent node_modules
878 verbose linkBins lru-cache@4.0.1
879 verbose linkMans lru-cache@4.0.1
880 verbose rebuildBundles lru-cache@4.0.1
881 info install lru-cache@4.0.1
882 info postinstall lru-cache@4.0.1
883 verbose rebuild bundle E:\webappdev\Meteor-Starter\node_modules\mime
884 info build E:\webappdev\Meteor-Starter\node_modules\mime
885 info preinstall mime@1.3.4
886 info linkStuff mime@1.3.4
887 silly linkStuff mime@1.3.4 has E:\webappdev\Meteor-Starter\node_modules as its parent node_modules
888 verbose linkBins mime@1.3.4
889 verbose link bins [ { mime: 'cli.js' },
889 verbose link bins   'E:\\webappdev\\Meteor-Starter\\node_modules\\.bin',
889 verbose link bins   false ]
890 verbose linkMans mime@1.3.4
891 verbose rebuildBundles mime@1.3.4
892 info install mime@1.3.4
893 info postinstall mime@1.3.4
894 verbose rebuild bundle E:\webappdev\Meteor-Starter\node_modules\mime-db
895 info build E:\webappdev\Meteor-Starter\node_modules\mime-db
896 info preinstall mime-db@1.22.0
897 info linkStuff mime-db@1.22.0
898 silly linkStuff mime-db@1.22.0 has E:\webappdev\Meteor-Starter\node_modules as its parent node_modules
899 verbose linkBins mime-db@1.22.0
900 verbose linkMans mime-db@1.22.0
901 verbose rebuildBundles mime-db@1.22.0
902 info install mime-db@1.22.0
903 info postinstall mime-db@1.22.0
904 verbose rebuild bundle E:\webappdev\Meteor-Starter\node_modules\mime-types
905 info build E:\webappdev\Meteor-Starter\node_modules\mime-types
906 info preinstall mime-types@2.1.10
907 info linkStuff mime-types@2.1.10
908 silly linkStuff mime-types@2.1.10 has E:\webappdev\Meteor-Starter\node_modules as its parent node_modules
909 verbose linkBins mime-types@2.1.10
910 verbose linkMans mime-types@2.1.10
911 verbose rebuildBundles mime-types@2.1.10
912 info install mime-types@2.1.10
913 info postinstall mime-types@2.1.10
914 verbose rebuild bundle E:\webappdev\Meteor-Starter\node_modules\minimist
915 info build E:\webappdev\Meteor-Starter\node_modules\minimist
916 info preinstall minimist@0.0.8
917 info linkStuff minimist@0.0.8
918 silly linkStuff minimist@0.0.8 has E:\webappdev\Meteor-Starter\node_modules as its parent node_modules
919 verbose linkBins minimist@0.0.8
920 verbose linkMans minimist@0.0.8
921 verbose rebuildBundles minimist@0.0.8
922 info install minimist@0.0.8
923 info postinstall minimist@0.0.8
924 verbose rebuild bundle E:\webappdev\Meteor-Starter\node_modules\mkdirp
925 info build E:\webappdev\Meteor-Starter\node_modules\mkdirp
926 info preinstall mkdirp@0.3.5
927 info linkStuff mkdirp@0.3.5
928 silly linkStuff mkdirp@0.3.5 has E:\webappdev\Meteor-Starter\node_modules as its parent node_modules
929 verbose linkBins mkdirp@0.3.5
930 verbose linkMans mkdirp@0.3.5
931 verbose rebuildBundles mkdirp@0.3.5
932 info install mkdirp@0.3.5
933 info postinstall mkdirp@0.3.5
934 verbose rebuild bundle E:\webappdev\Meteor-Starter\node_modules\ncp
935 info build E:\webappdev\Meteor-Starter\node_modules\ncp
936 info preinstall ncp@0.4.2
937 info linkStuff ncp@0.4.2
938 silly linkStuff ncp@0.4.2 has E:\webappdev\Meteor-Starter\node_modules as its parent node_modules
939 verbose linkBins ncp@0.4.2
940 verbose link bins [ { ncp: './bin/ncp' },
940 verbose link bins   'E:\\webappdev\\Meteor-Starter\\node_modules\\.bin',
940 verbose link bins   false ]
941 verbose linkMans ncp@0.4.2
942 verbose rebuildBundles ncp@0.4.2
943 info install ncp@0.4.2
944 info postinstall ncp@0.4.2
945 verbose rebuild bundle E:\webappdev\Meteor-Starter\node_modules\node-uuid
946 info build E:\webappdev\Meteor-Starter\node_modules\node-uuid
947 info preinstall node-uuid@1.4.7
948 info linkStuff node-uuid@1.4.7
949 silly linkStuff node-uuid@1.4.7 has E:\webappdev\Meteor-Starter\node_modules as its parent node_modules
950 verbose linkBins node-uuid@1.4.7
951 verbose link bins [ { uuid: './bin/uuid' },
951 verbose link bins   'E:\\webappdev\\Meteor-Starter\\node_modules\\.bin',
951 verbose link bins   false ]
952 verbose linkMans node-uuid@1.4.7
953 verbose rebuildBundles node-uuid@1.4.7
954 info install node-uuid@1.4.7
955 info postinstall node-uuid@1.4.7
956 verbose rebuild bundle E:\webappdev\Meteor-Starter\node_modules\oauth-sign
957 info build E:\webappdev\Meteor-Starter\node_modules\oauth-sign
958 info preinstall oauth-sign@0.8.1
959 info linkStuff oauth-sign@0.8.1
960 silly linkStuff oauth-sign@0.8.1 has E:\webappdev\Meteor-Starter\node_modules as its parent node_modules
961 verbose linkBins oauth-sign@0.8.1
962 verbose linkMans oauth-sign@0.8.1
963 verbose rebuildBundles oauth-sign@0.8.1
964 info install oauth-sign@0.8.1
965 info postinstall oauth-sign@0.8.1
966 verbose rebuild bundle E:\webappdev\Meteor-Starter\node_modules\object-assign
967 info build E:\webappdev\Meteor-Starter\node_modules\object-assign
968 info preinstall object-assign@4.0.1
969 info linkStuff object-assign@4.0.1
970 silly linkStuff object-assign@4.0.1 has E:\webappdev\Meteor-Starter\node_modules as its parent node_modules
971 verbose linkBins object-assign@4.0.1
972 verbose linkMans object-assign@4.0.1
973 verbose rebuildBundles object-assign@4.0.1
974 info install object-assign@4.0.1
975 info postinstall object-assign@4.0.1
976 verbose rebuild bundle E:\webappdev\Meteor-Starter\node_modules\pinkie
977 info build E:\webappdev\Meteor-Starter\node_modules\pinkie
978 info preinstall pinkie@2.0.4
979 info linkStuff pinkie@2.0.4
980 silly linkStuff pinkie@2.0.4 has E:\webappdev\Meteor-Starter\node_modules as its parent node_modules
981 verbose linkBins pinkie@2.0.4
982 verbose linkMans pinkie@2.0.4
983 verbose rebuildBundles pinkie@2.0.4
984 info install pinkie@2.0.4
985 info postinstall pinkie@2.0.4
986 verbose rebuild bundle E:\webappdev\Meteor-Starter\node_modules\pinkie-promise
987 info build E:\webappdev\Meteor-Starter\node_modules\pinkie-promise
988 info preinstall pinkie-promise@2.0.1
989 info linkStuff pinkie-promise@2.0.1
990 silly linkStuff pinkie-promise@2.0.1 has E:\webappdev\Meteor-Starter\node_modules as its parent node_modules
991 verbose linkBins pinkie-promise@2.0.1
992 verbose linkMans pinkie-promise@2.0.1
993 verbose rebuildBundles pinkie-promise@2.0.1
994 info install pinkie-promise@2.0.1
995 info postinstall pinkie-promise@2.0.1
996 verbose rebuild bundle E:\webappdev\Meteor-Starter\node_modules\process-nextick-args
997 info build E:\webappdev\Meteor-Starter\node_modules\process-nextick-args
998 info preinstall process-nextick-args@1.0.6
999 info linkStuff process-nextick-args@1.0.6
1000 silly linkStuff process-nextick-args@1.0.6 has E:\webappdev\Meteor-Starter\node_modules as its parent node_modules
1001 verbose linkBins process-nextick-args@1.0.6
1002 verbose linkMans process-nextick-args@1.0.6
1003 verbose rebuildBundles process-nextick-args@1.0.6
1004 info install process-nextick-args@1.0.6
1005 info postinstall process-nextick-args@1.0.6
1006 verbose rebuild bundle E:\webappdev\Meteor-Starter\node_modules\promise
1007 info build E:\webappdev\Meteor-Starter\node_modules\promise
1008 info preinstall promise@7.1.1
1009 info linkStuff promise@7.1.1
1010 silly linkStuff promise@7.1.1 has E:\webappdev\Meteor-Starter\node_modules as its parent node_modules
1011 verbose linkBins promise@7.1.1
1012 verbose linkMans promise@7.1.1
1013 verbose rebuildBundles promise@7.1.1
1014 info install promise@7.1.1
1015 info postinstall promise@7.1.1
1016 verbose rebuild bundle E:\webappdev\Meteor-Starter\node_modules\prr
1017 info build E:\webappdev\Meteor-Starter\node_modules\prr
1018 info preinstall prr@0.0.0
1019 info linkStuff prr@0.0.0
1020 silly linkStuff prr@0.0.0 has E:\webappdev\Meteor-Starter\node_modules as its parent node_modules
1021 verbose linkBins prr@0.0.0
1022 verbose linkMans prr@0.0.0
1023 verbose rebuildBundles prr@0.0.0
1024 info install prr@0.0.0
1025 info postinstall prr@0.0.0
1026 verbose rebuild bundle E:\webappdev\Meteor-Starter\node_modules\pseudomap
1027 info build E:\webappdev\Meteor-Starter\node_modules\pseudomap
1028 info preinstall pseudomap@1.0.2
1029 info linkStuff pseudomap@1.0.2
1030 silly linkStuff pseudomap@1.0.2 has E:\webappdev\Meteor-Starter\node_modules as its parent node_modules
1031 verbose linkBins pseudomap@1.0.2
1032 verbose linkMans pseudomap@1.0.2
1033 verbose rebuildBundles pseudomap@1.0.2
1034 info install pseudomap@1.0.2
1035 info postinstall pseudomap@1.0.2
1036 verbose rebuild bundle E:\webappdev\Meteor-Starter\node_modules\qs
1037 info build E:\webappdev\Meteor-Starter\node_modules\qs
1038 info preinstall qs@6.1.0
1039 info linkStuff qs@6.1.0
1040 silly linkStuff qs@6.1.0 has E:\webappdev\Meteor-Starter\node_modules as its parent node_modules
1041 verbose linkBins qs@6.1.0
1042 verbose linkMans qs@6.1.0
1043 verbose rebuildBundles qs@6.1.0
1044 info install qs@6.1.0
1045 info postinstall qs@6.1.0
1046 verbose rebuild bundle E:\webappdev\Meteor-Starter\node_modules\readable-stream
1047 info build E:\webappdev\Meteor-Starter\node_modules\readable-stream
1048 info preinstall readable-stream@2.0.6
1049 info linkStuff readable-stream@2.0.6
1050 silly linkStuff readable-stream@2.0.6 has E:\webappdev\Meteor-Starter\node_modules as its parent node_modules
1051 verbose linkBins readable-stream@2.0.6
1052 verbose linkMans readable-stream@2.0.6
1053 verbose rebuildBundles readable-stream@2.0.6
1054 info install readable-stream@2.0.6
1055 info postinstall readable-stream@2.0.6
1056 verbose rebuild bundle E:\webappdev\Meteor-Starter\node_modules\request
1057 info build E:\webappdev\Meteor-Starter\node_modules\request
1058 info preinstall request@2.72.0
1059 info linkStuff request@2.72.0
1060 silly linkStuff request@2.72.0 has E:\webappdev\Meteor-Starter\node_modules as its parent node_modules
1061 verbose linkBins request@2.72.0
1062 verbose linkMans request@2.72.0
1063 verbose rebuildBundles request@2.72.0
1064 info install request@2.72.0
1065 info postinstall request@2.72.0
1066 verbose rebuild bundle E:\webappdev\Meteor-Starter\node_modules\rimraf
1067 info build E:\webappdev\Meteor-Starter\node_modules\rimraf
1068 info preinstall rimraf@2.2.8
1069 info linkStuff rimraf@2.2.8
1070 silly linkStuff rimraf@2.2.8 has E:\webappdev\Meteor-Starter\node_modules as its parent node_modules
1071 verbose linkBins rimraf@2.2.8
1072 verbose link bins [ { rimraf: './bin.js' },
1072 verbose link bins   'E:\\webappdev\\Meteor-Starter\\node_modules\\.bin',
1072 verbose link bins   false ]
1073 verbose linkMans rimraf@2.2.8
1074 verbose rebuildBundles rimraf@2.2.8
1075 info install rimraf@2.2.8
1076 info postinstall rimraf@2.2.8
1077 verbose rebuild bundle E:\webappdev\Meteor-Starter\node_modules\sntp
1078 info build E:\webappdev\Meteor-Starter\node_modules\sntp
1079 info preinstall sntp@1.0.9
1080 info linkStuff sntp@1.0.9
1081 silly linkStuff sntp@1.0.9 has E:\webappdev\Meteor-Starter\node_modules as its parent node_modules
1082 verbose linkBins sntp@1.0.9
1083 verbose linkMans sntp@1.0.9
1084 verbose rebuildBundles sntp@1.0.9
1085 info install sntp@1.0.9
1086 info postinstall sntp@1.0.9
1087 verbose rebuild bundle E:\webappdev\Meteor-Starter\node_modules\source-map
1088 info build E:\webappdev\Meteor-Starter\node_modules\source-map
1089 info preinstall source-map@0.5.4
1090 info linkStuff source-map@0.5.4
1091 silly linkStuff source-map@0.5.4 has E:\webappdev\Meteor-Starter\node_modules as its parent node_modules
1092 verbose linkBins source-map@0.5.4
1093 verbose linkMans source-map@0.5.4
1094 verbose rebuildBundles source-map@0.5.4
1095 info install source-map@0.5.4
1096 info postinstall source-map@0.5.4
1097 verbose rebuild bundle E:\webappdev\Meteor-Starter\node_modules\sshpk
1098 info build E:\webappdev\Meteor-Starter\node_modules\sshpk
1099 info preinstall sshpk@1.8.1
1100 info linkStuff sshpk@1.8.1
1101 silly linkStuff sshpk@1.8.1 has E:\webappdev\Meteor-Starter\node_modules as its parent node_modules
1102 verbose linkBins sshpk@1.8.1
1103 verbose link bins [ { 'sshpk-conv': 'bin/sshpk-conv',
1103 verbose link bins     'sshpk-sign': 'bin/sshpk-sign',
1103 verbose link bins     'sshpk-verify': 'bin/sshpk-verify' },
1103 verbose link bins   'E:\\webappdev\\Meteor-Starter\\node_modules\\.bin',
1103 verbose link bins   false ]
1104 verbose linkMans sshpk@1.8.1
1105 verbose rebuildBundles sshpk@1.8.1
1106 info install sshpk@1.8.1
1107 info postinstall sshpk@1.8.1
1108 verbose rebuild bundle E:\webappdev\Meteor-Starter\node_modules\string_decoder
1109 info build E:\webappdev\Meteor-Starter\node_modules\string_decoder
1110 info preinstall string_decoder@0.10.31
1111 info linkStuff string_decoder@0.10.31
1112 silly linkStuff string_decoder@0.10.31 has E:\webappdev\Meteor-Starter\node_modules as its parent node_modules
1113 verbose linkBins string_decoder@0.10.31
1114 verbose linkMans string_decoder@0.10.31
1115 verbose rebuildBundles string_decoder@0.10.31
1116 info install string_decoder@0.10.31
1117 info postinstall string_decoder@0.10.31
1118 verbose rebuild bundle E:\webappdev\Meteor-Starter\node_modules\stringstream
1119 info build E:\webappdev\Meteor-Starter\node_modules\stringstream
1120 info preinstall stringstream@0.0.5
1121 info linkStuff stringstream@0.0.5
1122 silly linkStuff stringstream@0.0.5 has E:\webappdev\Meteor-Starter\node_modules as its parent node_modules
1123 verbose linkBins stringstream@0.0.5
1124 verbose linkMans stringstream@0.0.5
1125 verbose rebuildBundles stringstream@0.0.5
1126 info install stringstream@0.0.5
1127 info postinstall stringstream@0.0.5
1128 verbose rebuild bundle E:\webappdev\Meteor-Starter\node_modules\strip-ansi
1129 info build E:\webappdev\Meteor-Starter\node_modules\strip-ansi
1130 info preinstall strip-ansi@3.0.1
1131 info linkStuff strip-ansi@3.0.1
1132 silly linkStuff strip-ansi@3.0.1 has E:\webappdev\Meteor-Starter\node_modules as its parent node_modules
1133 verbose linkBins strip-ansi@3.0.1
1134 verbose linkMans strip-ansi@3.0.1
1135 verbose rebuildBundles strip-ansi@3.0.1
1136 info install strip-ansi@3.0.1
1137 info postinstall strip-ansi@3.0.1
1138 verbose rebuild bundle E:\webappdev\Meteor-Starter\node_modules\supports-color
1139 info build E:\webappdev\Meteor-Starter\node_modules\supports-color
1140 info preinstall supports-color@2.0.0
1141 info linkStuff supports-color@2.0.0
1142 silly linkStuff supports-color@2.0.0 has E:\webappdev\Meteor-Starter\node_modules as its parent node_modules
1143 verbose linkBins supports-color@2.0.0
1144 verbose linkMans supports-color@2.0.0
1145 verbose rebuildBundles supports-color@2.0.0
1146 info install supports-color@2.0.0
1147 info postinstall supports-color@2.0.0
1148 verbose rebuild bundle E:\webappdev\Meteor-Starter\node_modules\tough-cookie
1149 info build E:\webappdev\Meteor-Starter\node_modules\tough-cookie
1150 info preinstall tough-cookie@2.2.2
1151 info linkStuff tough-cookie@2.2.2
1152 silly linkStuff tough-cookie@2.2.2 has E:\webappdev\Meteor-Starter\node_modules as its parent node_modules
1153 verbose linkBins tough-cookie@2.2.2
1154 verbose linkMans tough-cookie@2.2.2
1155 verbose rebuildBundles tough-cookie@2.2.2
1156 info install tough-cookie@2.2.2
1157 info postinstall tough-cookie@2.2.2
1158 verbose rebuild bundle E:\webappdev\Meteor-Starter\node_modules\tunnel-agent
1159 info build E:\webappdev\Meteor-Starter\node_modules\tunnel-agent
1160 info preinstall tunnel-agent@0.4.2
1161 info linkStuff tunnel-agent@0.4.2
1162 silly linkStuff tunnel-agent@0.4.2 has E:\webappdev\Meteor-Starter\node_modules as its parent node_modules
1163 verbose linkBins tunnel-agent@0.4.2
1164 verbose linkMans tunnel-agent@0.4.2
1165 verbose rebuildBundles tunnel-agent@0.4.2
1166 info install tunnel-agent@0.4.2
1167 info postinstall tunnel-agent@0.4.2
1168 verbose rebuild bundle E:\webappdev\Meteor-Starter\node_modules\tweetnacl
1169 info build E:\webappdev\Meteor-Starter\node_modules\tweetnacl
1170 info preinstall tweetnacl@0.13.3
1171 info linkStuff tweetnacl@0.13.3
1172 silly linkStuff tweetnacl@0.13.3 has E:\webappdev\Meteor-Starter\node_modules as its parent node_modules
1173 verbose linkBins tweetnacl@0.13.3
1174 verbose linkMans tweetnacl@0.13.3
1175 verbose rebuildBundles tweetnacl@0.13.3
1176 info install tweetnacl@0.13.3
1177 info postinstall tweetnacl@0.13.3
1178 verbose rebuild bundle E:\webappdev\Meteor-Starter\node_modules\util-deprecate
1179 info build E:\webappdev\Meteor-Starter\node_modules\util-deprecate
1180 info preinstall util-deprecate@1.0.2
1181 info linkStuff util-deprecate@1.0.2
1182 silly linkStuff util-deprecate@1.0.2 has E:\webappdev\Meteor-Starter\node_modules as its parent node_modules
1183 verbose linkBins util-deprecate@1.0.2
1184 verbose linkMans util-deprecate@1.0.2
1185 verbose rebuildBundles util-deprecate@1.0.2
1186 info install util-deprecate@1.0.2
1187 info postinstall util-deprecate@1.0.2
1188 verbose rebuild bundle E:\webappdev\Meteor-Starter\node_modules\verror
1189 info build E:\webappdev\Meteor-Starter\node_modules\verror
1190 info preinstall verror@1.3.6
1191 info linkStuff verror@1.3.6
1192 silly linkStuff verror@1.3.6 has E:\webappdev\Meteor-Starter\node_modules as its parent node_modules
1193 verbose linkBins verror@1.3.6
1194 verbose linkMans verror@1.3.6
1195 verbose rebuildBundles verror@1.3.6
1196 info install verror@1.3.6
1197 info postinstall verror@1.3.6
1198 verbose rebuild bundle E:\webappdev\Meteor-Starter\node_modules\walk
1199 info build E:\webappdev\Meteor-Starter\node_modules\walk
1200 info preinstall walk@2.3.9
1201 info linkStuff walk@2.3.9
1202 silly linkStuff walk@2.3.9 has E:\webappdev\Meteor-Starter\node_modules as its parent node_modules
1203 verbose linkBins walk@2.3.9
1204 verbose linkMans walk@2.3.9
1205 verbose rebuildBundles walk@2.3.9
1206 info install walk@2.3.9
1207 info postinstall walk@2.3.9
1208 verbose rebuild bundle E:\webappdev\Meteor-Starter\node_modules\xtend
1209 info build E:\webappdev\Meteor-Starter\node_modules\xtend
1210 info preinstall xtend@4.0.1
1211 info linkStuff xtend@4.0.1
1212 silly linkStuff xtend@4.0.1 has E:\webappdev\Meteor-Starter\node_modules as its parent node_modules
1213 verbose linkBins xtend@4.0.1
1214 verbose linkMans xtend@4.0.1
1215 verbose rebuildBundles xtend@4.0.1
1216 info install xtend@4.0.1
1217 info postinstall xtend@4.0.1
1218 verbose rebuild bundle E:\webappdev\Meteor-Starter\node_modules\yallist
1219 info build E:\webappdev\Meteor-Starter\node_modules\yallist
1220 info preinstall yallist@2.0.0
1221 info linkStuff yallist@2.0.0
1222 silly linkStuff yallist@2.0.0 has E:\webappdev\Meteor-Starter\node_modules as its parent node_modules
1223 verbose linkBins yallist@2.0.0
1224 verbose linkMans yallist@2.0.0
1225 verbose rebuildBundles yallist@2.0.0
1226 info install yallist@2.0.0
1227 info postinstall yallist@2.0.0
1228 info install meteor-angular2-socially@1.0.0
1229 info postinstall meteor-angular2-socially@1.0.0
1230 info prepublish meteor-angular2-socially@1.0.0
1231 verbose validateInstall loading E:\webappdev\Meteor-Starter\package.json for validation
1232 warn unmet dependency E:\webappdev\Meteor-Starter\node_modules\sshpk requires assert-plus@'^1.0.0' but will load
1232 warn unmet dependency E:\webappdev\Meteor-Starter\node_modules\assert-plus,
1232 warn unmet dependency which is version 0.2.0
1233 verbose stack Error: The package reflect-metadata@0.1.3 does not satisfy its siblings' peerDependencies requirements!
1233 verbose stack     at C:\Users\Administrator\AppData\Local\.meteor\packages\meteor-tool\1.3.2_4\mt-os.windows.x86_32\dev_bundle\lib\node_modules\npm\lib\install.js:125:32
1233 verbose stack     at C:\Users\Administrator\AppData\Local\.meteor\packages\meteor-tool\1.3.2_4\mt-os.windows.x86_32\dev_bundle\lib\node_modules\npm\lib\install.js:268:7
1233 verbose stack     at C:\Users\Administrator\AppData\Local\.meteor\packages\meteor-tool\1.3.2_4\mt-os.windows.x86_32\dev_bundle\lib\node_modules\npm\node_modules\read-installed\read-installed.js:142:5
1233 verbose stack     at C:\Users\Administrator\AppData\Local\.meteor\packages\meteor-tool\1.3.2_4\mt-os.windows.x86_32\dev_bundle\lib\node_modules\npm\node_modules\read-installed\read-installed.js:263:14
1233 verbose stack     at cb (C:\Users\Administrator\AppData\Local\.meteor\packages\meteor-tool\1.3.2_4\mt-os.windows.x86_32\dev_bundle\lib\node_modules\npm\node_modules\slide\lib\async-map.js:47:24)
1233 verbose stack     at C:\Users\Administrator\AppData\Local\.meteor\packages\meteor-tool\1.3.2_4\mt-os.windows.x86_32\dev_bundle\lib\node_modules\npm\node_modules\read-installed\read-installed.js:263:14
1233 verbose stack     at cb (C:\Users\Administrator\AppData\Local\.meteor\packages\meteor-tool\1.3.2_4\mt-os.windows.x86_32\dev_bundle\lib\node_modules\npm\node_modules\slide\lib\async-map.js:47:24)
1233 verbose stack     at C:\Users\Administrator\AppData\Local\.meteor\packages\meteor-tool\1.3.2_4\mt-os.windows.x86_32\dev_bundle\lib\node_modules\npm\node_modules\read-installed\read-installed.js:263:14
1233 verbose stack     at cb (C:\Users\Administrator\AppData\Local\.meteor\packages\meteor-tool\1.3.2_4\mt-os.windows.x86_32\dev_bundle\lib\node_modules\npm\node_modules\slide\lib\async-map.js:47:24)
1233 verbose stack     at C:\Users\Administrator\AppData\Local\.meteor\packages\meteor-tool\1.3.2_4\mt-os.windows.x86_32\dev_bundle\lib\node_modules\npm\node_modules\read-installed\read-installed.js:263:14
1234 verbose cwd E:\webappdev\Meteor-Starter
1235 error Windows_NT 6.1.7601
1236 error argv "C:\\Users\\Administrator\\AppData\\Local\\.meteor\\packages\\meteor-tool\\1.3.2_4\\mt-os.windows.x86_32\\dev_bundle\\bin\\\\node.exe" "C:\\Users\\Administrator\\AppData\\Local\\.meteor\\packages\\meteor-tool\\1.3.2_4\\mt-os.windows.x86_32\\dev_bundle\\lib\\node_modules\\npm\\bin\\npm-cli.js" "install" "--save"
1237 error node v0.10.43
1238 error npm  v2.14.22
1239 error code EPEERINVALID
1240 error peerinvalid The package reflect-metadata@0.1.3 does not satisfy its siblings' peerDependencies requirements!
1240 error peerinvalid Peer angular2@2.0.0-beta.15 wants reflect-metadata@0.1.2
1240 error peerinvalid Peer angular2-meteor@0.5.3 wants reflect-metadata@0.1.2
1241 verbose exit [ 1, true ]
